2018-10-25 11:45:24,144 [restartedMain] INFO  com.ghqkl.schedule.Application - Starting Application on PCOS-1806251514 with PID 4092 (C:\Users\Administrator\Desktop\SPG_04Code\Java\SPGJava\GhSchedule\target\classes started by Administrator in C:\Users\Administrator\Desktop\SPG_04Code\Java\SPGJava\GhSchedule)
2018-10-25 11:45:24,146 [restartedMain] INFO  com.ghqkl.schedule.Application - The following profiles are active: dev
2018-10-25 11:45:24,208 [restartedMain] INFO  o.s.boot.web.servlet.context.AnnotationConfigServletWebServerApplicationContext - Refreshing org.springframework.boot.web.servlet.context.AnnotationConfigServletWebServerApplicationContext@5878a311: startup date [Thu Oct 25 11:45:24 CST 2018]; root of context hierarchy
2018-10-25 11:45:25,436 [restartedMain] INFO  org.springframework.data.repository.config.RepositoryConfigurationDelegate - Multiple Spring Data modules found, entering strict repository configuration mode!
2018-10-25 11:45:25,924 [restartedMain] INFO  o.s.context.support.PostProcessorRegistrationDelegate$BeanPostProcessorChecker - Bean 'org.springframework.transaction.annotation.ProxyTransactionManagementConfiguration' of type [org.springframework.transaction.annotation.ProxyTransactionManagementConfiguration$$EnhancerBySpringCGLIB$$5c1f9e3c] is not eligible for getting processed by all BeanPostProcessors (for example: not eligible for auto-proxying)
2018-10-25 11:45:26,764 [restartedMain] INFO  org.springframework.boot.web.embedded.tomcat.TomcatWebServer - Tomcat initialized with port(s): 8090 (http)
2018-10-25 11:45:26,779 [restartedMain] INFO  org.apache.coyote.http11.Http11NioProtocol - Initializing ProtocolHandler ["http-nio-8090"]
2018-10-25 11:45:26,792 [restartedMain] INFO  org.apache.catalina.core.StandardService - Starting service [Tomcat]
2018-10-25 11:45:26,792 [restartedMain] INFO  org.apache.catalina.core.StandardEngine - Starting Servlet Engine: Apache Tomcat/8.5.32
2018-10-25 11:45:26,800 [localhost-startStop-1] INFO  org.apache.catalina.core.AprLifecycleListener - The APR based Apache Tomcat Native library which allows optimal performance in production environments was not found on the java.library.path: [C:\Program Files\Java\jre1.8.0_171\bin;C:\Windows\Sun\Java\bin;C:\Windows\system32;C:\Windows;C:/Program Files/Java/jre1.8.0_171/bin/server;C:/Program Files/Java/jre1.8.0_171/bin;C:/Program Files/Java/jre1.8.0_171/lib/amd64;C:\Program Files (x86)\Common Files\Oracle\Java\javapath;C:\Windows\system32;C:\Windows;C:\Windows\System32\Wbem;C:\Windows\System32\WindowsPowerShell\v1.0\;C:\Program Files\Java\jdk1.8.0_171\bin;D:\Git\cmd;D:\apache-maven-3.5.3\bin;D:\TortoiseGit\bin;D:\TortoiseSVN\bin;D:\nodejs\;C:\Program Files (x86)\MySQL\MySQL Utilities 1.6\;C:\Users\Administrator\AppData\Roaming\npm;C:\Users\Administrator\Desktop;;.]
2018-10-25 11:45:26,900 [localhost-startStop-1] INFO  org.apache.catalina.core.ContainerBase.[Tomcat].[localhost].[/] - Initializing Spring embedded WebApplicationContext
2018-10-25 11:45:26,901 [localhost-startStop-1] INFO  org.springframework.web.context.ContextLoader - Root WebApplicationContext: initialization completed in 2693 ms
2018-10-25 11:45:26,966 [localhost-startStop-1] INFO  org.springframework.boot.web.servlet.ServletRegistrationBean - Servlet dispatcherServlet mapped to [/]
2018-10-25 11:45:26,971 [localhost-startStop-1] INFO  org.springframework.boot.web.servlet.FilterRegistrationBean - Mapping filter: 'characterEncodingFilter' to: [/*]
2018-10-25 11:45:26,972 [localhost-startStop-1] INFO  org.springframework.boot.web.servlet.FilterRegistrationBean - Mapping filter: 'hiddenHttpMethodFilter' to: [/*]
2018-10-25 11:45:26,972 [localhost-startStop-1] INFO  org.springframework.boot.web.servlet.FilterRegistrationBean - Mapping filter: 'httpPutFormContentFilter' to: [/*]
2018-10-25 11:45:26,972 [localhost-startStop-1] INFO  org.springframework.boot.web.servlet.FilterRegistrationBean - Mapping filter: 'requestContextFilter' to: [/*]
2018-10-25 11:45:27,038 [restartedMain] INFO  org.springframework.scheduling.concurrent.ThreadPoolTaskScheduler - Initializing ExecutorService  'threadPoolTaskScheduler'
2018-10-25 11:45:27,553 [restartedMain] INFO  org.springframework.scheduling.concurrent.ThreadPoolTaskScheduler - Shutting down ExecutorService 'threadPoolTaskScheduler'
2018-10-25 11:45:27,556 [restartedMain] INFO  org.apache.catalina.core.StandardService - Stopping service [Tomcat]
2018-10-25 11:47:27,183 [restartedMain] INFO  com.ghqkl.schedule.Application - Starting Application on PCOS-1806251514 with PID 2676 (C:\Users\Administrator\Desktop\SPG_04Code\Java\SPGJava\GhSchedule\target\classes started by Administrator in C:\Users\Administrator\Desktop\SPG_04Code\Java\SPGJava\GhSchedule)
2018-10-25 11:47:27,185 [restartedMain] INFO  com.ghqkl.schedule.Application - The following profiles are active: dev
2018-10-25 11:47:27,267 [restartedMain] INFO  o.s.boot.web.servlet.context.AnnotationConfigServletWebServerApplicationContext - Refreshing org.springframework.boot.web.servlet.context.AnnotationConfigServletWebServerApplicationContext@5878a311: startup date [Thu Oct 25 11:47:27 CST 2018]; root of context hierarchy
2018-10-25 11:47:28,233 [restartedMain] INFO  org.springframework.data.repository.config.RepositoryConfigurationDelegate - Multiple Spring Data modules found, entering strict repository configuration mode!
2018-10-25 11:47:28,702 [restartedMain] INFO  o.s.context.support.PostProcessorRegistrationDelegate$BeanPostProcessorChecker - Bean 'org.springframework.transaction.annotation.ProxyTransactionManagementConfiguration' of type [org.springframework.transaction.annotation.ProxyTransactionManagementConfiguration$$EnhancerBySpringCGLIB$$e683d31b] is not eligible for getting processed by all BeanPostProcessors (for example: not eligible for auto-proxying)
2018-10-25 11:47:29,419 [restartedMain] INFO  org.springframework.boot.web.embedded.tomcat.TomcatWebServer - Tomcat initialized with port(s): 8090 (http)
2018-10-25 11:47:29,435 [restartedMain] INFO  org.apache.coyote.http11.Http11NioProtocol - Initializing ProtocolHandler ["http-nio-8090"]
2018-10-25 11:47:29,448 [restartedMain] INFO  org.apache.catalina.core.StandardService - Starting service [Tomcat]
2018-10-25 11:47:29,448 [restartedMain] INFO  org.apache.catalina.core.StandardEngine - Starting Servlet Engine: Apache Tomcat/8.5.32
2018-10-25 11:47:29,457 [localhost-startStop-1] INFO  org.apache.catalina.core.AprLifecycleListener - The APR based Apache Tomcat Native library which allows optimal performance in production environments was not found on the java.library.path: [C:\Program Files\Java\jre1.8.0_171\bin;C:\Windows\Sun\Java\bin;C:\Windows\system32;C:\Windows;C:/Program Files/Java/jre1.8.0_171/bin/server;C:/Program Files/Java/jre1.8.0_171/bin;C:/Program Files/Java/jre1.8.0_171/lib/amd64;C:\Program Files (x86)\Common Files\Oracle\Java\javapath;C:\Windows\system32;C:\Windows;C:\Windows\System32\Wbem;C:\Windows\System32\WindowsPowerShell\v1.0\;C:\Program Files\Java\jdk1.8.0_171\bin;D:\Git\cmd;D:\apache-maven-3.5.3\bin;D:\TortoiseGit\bin;D:\TortoiseSVN\bin;D:\nodejs\;C:\Program Files (x86)\MySQL\MySQL Utilities 1.6\;C:\Users\Administrator\AppData\Roaming\npm;C:\Users\Administrator\Desktop;;.]
2018-10-25 11:47:29,562 [localhost-startStop-1] INFO  org.apache.catalina.core.ContainerBase.[Tomcat].[localhost].[/] - Initializing Spring embedded WebApplicationContext
2018-10-25 11:47:29,562 [localhost-startStop-1] INFO  org.springframework.web.context.ContextLoader - Root WebApplicationContext: initialization completed in 2296 ms
2018-10-25 11:47:29,638 [localhost-startStop-1] INFO  org.springframework.boot.web.servlet.ServletRegistrationBean - Servlet dispatcherServlet mapped to [/]
2018-10-25 11:47:29,642 [localhost-startStop-1] INFO  org.springframework.boot.web.servlet.FilterRegistrationBean - Mapping filter: 'characterEncodingFilter' to: [/*]
2018-10-25 11:47:29,643 [localhost-startStop-1] INFO  org.springframework.boot.web.servlet.FilterRegistrationBean - Mapping filter: 'hiddenHttpMethodFilter' to: [/*]
2018-10-25 11:47:29,643 [localhost-startStop-1] INFO  org.springframework.boot.web.servlet.FilterRegistrationBean - Mapping filter: 'httpPutFormContentFilter' to: [/*]
2018-10-25 11:47:29,643 [localhost-startStop-1] INFO  org.springframework.boot.web.servlet.FilterRegistrationBean - Mapping filter: 'requestContextFilter' to: [/*]
2018-10-25 11:47:29,697 [restartedMain] INFO  org.springframework.scheduling.concurrent.ThreadPoolTaskScheduler - Initializing ExecutorService  'threadPoolTaskScheduler'
2018-10-25 11:47:30,189 [restartedMain] INFO  org.springframework.scheduling.concurrent.ThreadPoolTaskScheduler - Shutting down ExecutorService 'threadPoolTaskScheduler'
2018-10-25 11:47:30,192 [restartedMain] INFO  org.apache.catalina.core.StandardService - Stopping service [Tomcat]
2018-10-25 11:52:32,657 [restartedMain] INFO  com.ghqkl.schedule.Application - Starting Application on PCOS-1806251514 with PID 4916 (C:\Users\Administrator\Desktop\SPG_04Code\Java\SPGJava\GhSchedule\target\classes started by Administrator in C:\Users\Administrator\Desktop\SPG_04Code\Java\SPGJava\GhSchedule)
2018-10-25 11:52:32,659 [restartedMain] INFO  com.ghqkl.schedule.Application - The following profiles are active: dev
2018-10-25 11:52:32,728 [restartedMain] INFO  o.s.boot.web.servlet.context.AnnotationConfigServletWebServerApplicationContext - Refreshing org.springframework.boot.web.servlet.context.AnnotationConfigServletWebServerApplicationContext@14ab69e0: startup date [Thu Oct 25 11:52:32 CST 2018]; root of context hierarchy
2018-10-25 11:52:33,696 [restartedMain] INFO  org.springframework.data.repository.config.RepositoryConfigurationDelegate - Multiple Spring Data modules found, entering strict repository configuration mode!
2018-10-25 11:52:34,316 [restartedMain] INFO  o.s.context.support.PostProcessorRegistrationDelegate$BeanPostProcessorChecker - Bean 'org.springframework.transaction.annotation.ProxyTransactionManagementConfiguration' of type [org.springframework.transaction.annotation.ProxyTransactionManagementConfiguration$$EnhancerBySpringCGLIB$$eed4c36a] is not eligible for getting processed by all BeanPostProcessors (for example: not eligible for auto-proxying)
2018-10-25 11:52:34,962 [restartedMain] INFO  org.springframework.boot.web.embedded.tomcat.TomcatWebServer - Tomcat initialized with port(s): 8090 (http)
2018-10-25 11:52:34,975 [restartedMain] INFO  org.apache.coyote.http11.Http11NioProtocol - Initializing ProtocolHandler ["http-nio-8090"]
2018-10-25 11:52:34,986 [restartedMain] INFO  org.apache.catalina.core.StandardService - Starting service [Tomcat]
2018-10-25 11:52:34,986 [restartedMain] INFO  org.apache.catalina.core.StandardEngine - Starting Servlet Engine: Apache Tomcat/8.5.32
2018-10-25 11:52:34,996 [localhost-startStop-1] INFO  org.apache.catalina.core.AprLifecycleListener - The APR based Apache Tomcat Native library which allows optimal performance in production environments was not found on the java.library.path: [C:\Program Files\Java\jre1.8.0_171\bin;C:\Windows\Sun\Java\bin;C:\Windows\system32;C:\Windows;C:/Program Files/Java/jre1.8.0_171/bin/server;C:/Program Files/Java/jre1.8.0_171/bin;C:/Program Files/Java/jre1.8.0_171/lib/amd64;C:\Program Files (x86)\Common Files\Oracle\Java\javapath;C:\Windows\system32;C:\Windows;C:\Windows\System32\Wbem;C:\Windows\System32\WindowsPowerShell\v1.0\;C:\Program Files\Java\jdk1.8.0_171\bin;D:\Git\cmd;D:\apache-maven-3.5.3\bin;D:\TortoiseGit\bin;D:\TortoiseSVN\bin;D:\nodejs\;C:\Program Files (x86)\MySQL\MySQL Utilities 1.6\;C:\Users\Administrator\AppData\Roaming\npm;C:\Users\Administrator\Desktop;;.]
2018-10-25 11:52:35,095 [localhost-startStop-1] INFO  org.apache.catalina.core.ContainerBase.[Tomcat].[localhost].[/] - Initializing Spring embedded WebApplicationContext
2018-10-25 11:52:35,095 [localhost-startStop-1] INFO  org.springframework.web.context.ContextLoader - Root WebApplicationContext: initialization completed in 2368 ms
2018-10-25 11:52:35,155 [localhost-startStop-1] INFO  org.springframework.boot.web.servlet.ServletRegistrationBean - Servlet dispatcherServlet mapped to [/]
2018-10-25 11:52:35,160 [localhost-startStop-1] INFO  org.springframework.boot.web.servlet.FilterRegistrationBean - Mapping filter: 'characterEncodingFilter' to: [/*]
2018-10-25 11:52:35,160 [localhost-startStop-1] INFO  org.springframework.boot.web.servlet.FilterRegistrationBean - Mapping filter: 'hiddenHttpMethodFilter' to: [/*]
2018-10-25 11:52:35,161 [localhost-startStop-1] INFO  org.springframework.boot.web.servlet.FilterRegistrationBean - Mapping filter: 'httpPutFormContentFilter' to: [/*]
2018-10-25 11:52:35,161 [localhost-startStop-1] INFO  org.springframework.boot.web.servlet.FilterRegistrationBean - Mapping filter: 'requestContextFilter' to: [/*]
2018-10-25 11:52:35,219 [restartedMain] INFO  org.springframework.scheduling.concurrent.ThreadPoolTaskScheduler - Initializing ExecutorService  'threadPoolTaskScheduler'
2018-10-25 11:52:35,728 [restartedMain] INFO  org.springframework.scheduling.concurrent.ThreadPoolTaskScheduler - Shutting down ExecutorService 'threadPoolTaskScheduler'
2018-10-25 11:52:35,732 [restartedMain] INFO  org.apache.catalina.core.StandardService - Stopping service [Tomcat]
2018-10-25 14:27:28,759 [restartedMain] INFO  com.ghqkl.schedule.Application - Starting Application on PCOS-1806251514 with PID 5424 (C:\Users\Administrator\Desktop\SPG_04Code\Java\SPGJava\GhSchedule\target\classes started by Administrator in C:\Users\Administrator\Desktop\SPG_04Code\Java\SPGJava\GhSchedule)
2018-10-25 14:27:28,761 [restartedMain] INFO  com.ghqkl.schedule.Application - The following profiles are active: dev
2018-10-25 14:27:28,826 [restartedMain] INFO  o.s.boot.web.servlet.context.AnnotationConfigServletWebServerApplicationContext - Refreshing org.springframework.boot.web.servlet.context.AnnotationConfigServletWebServerApplicationContext@5878a311: startup date [Thu Oct 25 14:27:28 CST 2018]; root of context hierarchy
2018-10-25 14:27:29,802 [restartedMain] INFO  org.springframework.data.repository.config.RepositoryConfigurationDelegate - Multiple Spring Data modules found, entering strict repository configuration mode!
2018-10-25 14:27:30,320 [restartedMain] INFO  o.s.context.support.PostProcessorRegistrationDelegate$BeanPostProcessorChecker - Bean 'org.springframework.transaction.annotation.ProxyTransactionManagementConfiguration' of type [org.springframework.transaction.annotation.ProxyTransactionManagementConfiguration$$EnhancerBySpringCGLIB$$9f1e4b8f] is not eligible for getting processed by all BeanPostProcessors (for example: not eligible for auto-proxying)
2018-10-25 14:27:30,997 [restartedMain] INFO  org.springframework.boot.web.embedded.tomcat.TomcatWebServer - Tomcat initialized with port(s): 8090 (http)
2018-10-25 14:27:31,009 [restartedMain] INFO  org.apache.coyote.http11.Http11NioProtocol - Initializing ProtocolHandler ["http-nio-8090"]
2018-10-25 14:27:31,024 [restartedMain] INFO  org.apache.catalina.core.StandardService - Starting service [Tomcat]
2018-10-25 14:27:31,025 [restartedMain] INFO  org.apache.catalina.core.StandardEngine - Starting Servlet Engine: Apache Tomcat/8.5.32
2018-10-25 14:27:31,033 [localhost-startStop-1] INFO  org.apache.catalina.core.AprLifecycleListener - The APR based Apache Tomcat Native library which allows optimal performance in production environments was not found on the java.library.path: [C:\Program Files\Java\jre1.8.0_171\bin;C:\Windows\Sun\Java\bin;C:\Windows\system32;C:\Windows;C:/Program Files/Java/jre1.8.0_171/bin/server;C:/Program Files/Java/jre1.8.0_171/bin;C:/Program Files/Java/jre1.8.0_171/lib/amd64;C:\Program Files (x86)\Common Files\Oracle\Java\javapath;C:\Windows\system32;C:\Windows;C:\Windows\System32\Wbem;C:\Windows\System32\WindowsPowerShell\v1.0\;C:\Program Files\Java\jdk1.8.0_171\bin;D:\Git\cmd;D:\apache-maven-3.5.3\bin;D:\TortoiseGit\bin;D:\TortoiseSVN\bin;D:\nodejs\;C:\Program Files (x86)\MySQL\MySQL Utilities 1.6\;C:\Users\Administrator\AppData\Roaming\npm;C:\Users\Administrator\Desktop;;.]
2018-10-25 14:27:31,128 [localhost-startStop-1] INFO  org.apache.catalina.core.ContainerBase.[Tomcat].[localhost].[/] - Initializing Spring embedded WebApplicationContext
2018-10-25 14:27:31,129 [localhost-startStop-1] INFO  org.springframework.web.context.ContextLoader - Root WebApplicationContext: initialization completed in 2304 ms
2018-10-25 14:27:31,203 [localhost-startStop-1] INFO  org.springframework.boot.web.servlet.ServletRegistrationBean - Servlet dispatcherServlet mapped to [/]
2018-10-25 14:27:31,208 [localhost-startStop-1] INFO  org.springframework.boot.web.servlet.FilterRegistrationBean - Mapping filter: 'characterEncodingFilter' to: [/*]
2018-10-25 14:27:31,208 [localhost-startStop-1] INFO  org.springframework.boot.web.servlet.FilterRegistrationBean - Mapping filter: 'hiddenHttpMethodFilter' to: [/*]
2018-10-25 14:27:31,209 [localhost-startStop-1] INFO  org.springframework.boot.web.servlet.FilterRegistrationBean - Mapping filter: 'httpPutFormContentFilter' to: [/*]
2018-10-25 14:27:31,209 [localhost-startStop-1] INFO  org.springframework.boot.web.servlet.FilterRegistrationBean - Mapping filter: 'requestContextFilter' to: [/*]
2018-10-25 14:27:31,262 [restartedMain] INFO  org.springframework.scheduling.concurrent.ThreadPoolTaskScheduler - Initializing ExecutorService  'threadPoolTaskScheduler'
2018-10-25 14:27:31,738 [restartedMain] INFO  org.springframework.scheduling.concurrent.ThreadPoolTaskScheduler - Shutting down ExecutorService 'threadPoolTaskScheduler'
2018-10-25 14:27:31,741 [restartedMain] INFO  org.apache.catalina.core.StandardService - Stopping service [Tomcat]
2018-10-25 14:30:48,495 [restartedMain] INFO  com.ghqkl.schedule.Application - Starting Application on PCOS-1806251514 with PID 6008 (C:\Users\Administrator\Desktop\SPG_04Code\Java\SPGJava\GhSchedule\target\classes started by Administrator in C:\Users\Administrator\Desktop\SPG_04Code\Java\SPGJava\GhSchedule)
2018-10-25 14:30:48,498 [restartedMain] INFO  com.ghqkl.schedule.Application - The following profiles are active: dev
2018-10-25 14:30:48,611 [restartedMain] INFO  o.s.boot.web.servlet.context.AnnotationConfigServletWebServerApplicationContext - Refreshing org.springframework.boot.web.servlet.context.AnnotationConfigServletWebServerApplicationContext@152d4c26: startup date [Thu Oct 25 14:30:48 CST 2018]; root of context hierarchy
2018-10-25 14:30:49,576 [restartedMain] INFO  org.springframework.data.repository.config.RepositoryConfigurationDelegate - Multiple Spring Data modules found, entering strict repository configuration mode!
2018-10-25 14:30:50,100 [restartedMain] INFO  o.s.context.support.PostProcessorRegistrationDelegate$BeanPostProcessorChecker - Bean 'org.springframework.transaction.annotation.ProxyTransactionManagementConfiguration' of type [org.springframework.transaction.annotation.ProxyTransactionManagementConfiguration$$EnhancerBySpringCGLIB$$cf0b3e69] is not eligible for getting processed by all BeanPostProcessors (for example: not eligible for auto-proxying)
2018-10-25 14:30:50,848 [restartedMain] INFO  org.springframework.boot.web.embedded.tomcat.TomcatWebServer - Tomcat initialized with port(s): 8090 (http)
2018-10-25 14:30:50,865 [restartedMain] INFO  org.apache.coyote.http11.Http11NioProtocol - Initializing ProtocolHandler ["http-nio-8090"]
2018-10-25 14:30:50,879 [restartedMain] INFO  org.apache.catalina.core.StandardService - Starting service [Tomcat]
2018-10-25 14:30:50,886 [restartedMain] INFO  org.apache.catalina.core.StandardEngine - Starting Servlet Engine: Apache Tomcat/8.5.32
2018-10-25 14:30:50,893 [localhost-startStop-1] INFO  org.apache.catalina.core.AprLifecycleListener - The APR based Apache Tomcat Native library which allows optimal performance in production environments was not found on the java.library.path: [C:\Program Files\Java\jre1.8.0_171\bin;C:\Windows\Sun\Java\bin;C:\Windows\system32;C:\Windows;C:/Program Files/Java/jre1.8.0_171/bin/server;C:/Program Files/Java/jre1.8.0_171/bin;C:/Program Files/Java/jre1.8.0_171/lib/amd64;C:\Program Files (x86)\Common Files\Oracle\Java\javapath;C:\Windows\system32;C:\Windows;C:\Windows\System32\Wbem;C:\Windows\System32\WindowsPowerShell\v1.0\;C:\Program Files\Java\jdk1.8.0_171\bin;D:\Git\cmd;D:\apache-maven-3.5.3\bin;D:\TortoiseGit\bin;D:\TortoiseSVN\bin;D:\nodejs\;C:\Program Files (x86)\MySQL\MySQL Utilities 1.6\;C:\Users\Administrator\AppData\Roaming\npm;C:\Users\Administrator\Desktop;;.]
2018-10-25 14:30:50,984 [localhost-startStop-1] INFO  org.apache.catalina.core.ContainerBase.[Tomcat].[localhost].[/] - Initializing Spring embedded WebApplicationContext
2018-10-25 14:30:50,984 [localhost-startStop-1] INFO  org.springframework.web.context.ContextLoader - Root WebApplicationContext: initialization completed in 2373 ms
2018-10-25 14:30:51,059 [localhost-startStop-1] INFO  org.springframework.boot.web.servlet.ServletRegistrationBean - Servlet dispatcherServlet mapped to [/]
2018-10-25 14:30:51,064 [localhost-startStop-1] INFO  org.springframework.boot.web.servlet.FilterRegistrationBean - Mapping filter: 'characterEncodingFilter' to: [/*]
2018-10-25 14:30:51,065 [localhost-startStop-1] INFO  org.springframework.boot.web.servlet.FilterRegistrationBean - Mapping filter: 'hiddenHttpMethodFilter' to: [/*]
2018-10-25 14:30:51,065 [localhost-startStop-1] INFO  org.springframework.boot.web.servlet.FilterRegistrationBean - Mapping filter: 'httpPutFormContentFilter' to: [/*]
2018-10-25 14:30:51,066 [localhost-startStop-1] INFO  org.springframework.boot.web.servlet.FilterRegistrationBean - Mapping filter: 'requestContextFilter' to: [/*]
2018-10-25 14:30:51,133 [restartedMain] INFO  org.springframework.scheduling.concurrent.ThreadPoolTaskScheduler - Initializing ExecutorService  'threadPoolTaskScheduler'
2018-10-25 14:30:52,219 [restartedMain] INFO  org.springframework.web.servlet.handler.SimpleUrlHandlerMapping - Mapped URL path [/**/favicon.ico] onto handler of type [class org.springframework.web.servlet.resource.ResourceHttpRequestHandler]
2018-10-25 14:30:52,702 [restartedMain] INFO  o.springframework.web.servlet.mvc.method.annotation.RequestMappingHandlerAdapter - Looking for @ControllerAdvice: org.springframework.boot.web.servlet.context.AnnotationConfigServletWebServerApplicationContext@152d4c26: startup date [Thu Oct 25 14:30:48 CST 2018]; root of context hierarchy
2018-10-25 14:30:52,795 [restartedMain] INFO  o.springframework.web.servlet.mvc.method.annotation.RequestMappingHandlerMapping - Mapped "{[/init.html]}" onto public java.lang.String com.ghqkl.schedule.controller.InitController.init(javax.servlet.http.HttpServletRequest,javax.servlet.http.HttpServletResponse,org.springframework.web.servlet.ModelAndView) throws java.io.IOException
2018-10-25 14:30:52,797 [restartedMain] INFO  o.springframework.web.servlet.mvc.method.annotation.RequestMappingHandlerMapping - Mapped "{[/stop.html]}" onto public java.lang.String com.ghqkl.schedule.controller.InitController.stop(javax.servlet.http.HttpServletRequest,javax.servlet.http.HttpServletResponse,org.springframework.web.servlet.ModelAndView) throws java.io.IOException
2018-10-25 14:30:52,802 [restartedMain] INFO  o.springframework.web.servlet.mvc.method.annotation.RequestMappingHandlerMapping - Mapped "{[/error]}" onto public org.springframework.http.ResponseEntity<java.util.Map<java.lang.String, java.lang.Object>> org.springframework.boot.autoconfigure.web.servlet.error.BasicErrorController.error(javax.servlet.http.HttpServletRequest)
2018-10-25 14:30:52,803 [restartedMain] INFO  o.springframework.web.servlet.mvc.method.annotation.RequestMappingHandlerMapping - Mapped "{[/error],produces=[text/html]}" onto public org.springframework.web.servlet.ModelAndView org.springframework.boot.autoconfigure.web.servlet.error.BasicErrorController.errorHtml(javax.servlet.http.HttpServletRequest,javax.servlet.http.HttpServletResponse)
2018-10-25 14:30:52,839 [restartedMain] INFO  org.springframework.web.servlet.handler.SimpleUrlHandlerMapping - Mapped URL path [/webjars/**] onto handler of type [class org.springframework.web.servlet.resource.ResourceHttpRequestHandler]
2018-10-25 14:30:52,839 [restartedMain] INFO  org.springframework.web.servlet.handler.SimpleUrlHandlerMapping - Mapped URL path [/**] onto handler of type [class org.springframework.web.servlet.resource.ResourceHttpRequestHandler]
2018-10-25 14:30:53,325 [restartedMain] INFO  org.springframework.boot.devtools.autoconfigure.OptionalLiveReloadServer - LiveReload server is running on port 35729
2018-10-25 14:30:53,357 [restartedMain] INFO  org.springframework.jmx.export.annotation.AnnotationMBeanExporter - Registering beans for JMX exposure on startup
2018-10-25 14:30:53,359 [restartedMain] INFO  org.springframework.jmx.export.annotation.AnnotationMBeanExporter - Bean with name 'dataSource' has been autodetected for JMX exposure
2018-10-25 14:30:53,364 [restartedMain] INFO  org.springframework.jmx.export.annotation.AnnotationMBeanExporter - Located MBean 'dataSource': registering with JMX server as MBean [com.zaxxer.hikari:name=dataSource,type=HikariDataSource]
2018-10-25 14:30:53,379 [restartedMain] INFO  org.apache.coyote.http11.Http11NioProtocol - Starting ProtocolHandler ["http-nio-8090"]
2018-10-25 14:30:53,407 [restartedMain] INFO  org.apache.tomcat.util.net.NioSelectorPool - Using a shared selector for servlet write/read
2018-10-25 14:30:53,427 [restartedMain] INFO  org.springframework.boot.web.embedded.tomcat.TomcatWebServer - Tomcat started on port(s): 8090 (http) with context path ''
2018-10-25 14:30:53,431 [restartedMain] INFO  com.ghqkl.schedule.Application - Started Application in 5.547 seconds (JVM running for 5.92)
